<?xml version="1.0" encoding="UTF-8"?>
<testng-results ignored="0" total="1" passed="1" failed="0" skipped="0">
  <reporter-output>
  </reporter-output>
  <suite started-at="2022-11-16T16:52:08 IST" name="Default suite" finished-at="2022-11-16T16:53:40 IST" duration-ms="91918">
    <groups>
    </groups>
    <test started-at="2022-11-16T16:52:08 IST" name="Default test" finished-at="2022-11-16T16:53:40 IST" duration-ms="91918">
      <class name="Module1_login.TestClassLogin">
        <test-method is-config="true" signature="openbrowser()[pri:0, instance:Module1_login.TestClassLogin@4f83df68]" started-at="2022-11-16T16:52:08 IST" name="openbrowser" finished-at="2022-11-16T16:53:08 IST" duration-ms="60048" status="PASS">
          <reporter-output>
          </reporter-output>
        </test-method> <!-- openbrowser -->
        <test-method is-config="true" signature="openmethod()[pri:0, instance:Module1_login.TestClassLogin@4f83df68]" started-at="2022-11-16T16:53:08 IST" name="openmethod" finished-at="2022-11-16T16:53:39 IST" duration-ms="31007" status="PASS">
          <reporter-output>
          </reporter-output>
        </test-method> <!-- openmethod -->
        <test-method signature="verifyUN()[pri:0, instance:Module1_login.TestClassLogin@4f83df68]" started-at="2022-11-16T16:53:39 IST" name="verifyUN" finished-at="2022-11-16T16:53:40 IST" duration-ms="644" status="PASS">
          <reporter-output>
          </reporter-output>
        </test-method> <!-- verifyUN -->
        <test-method is-config="true" signature="logoutapp()[pri:0, instance:Module1_login.TestClassLogin@4f83df68]" started-at="2022-11-16T16:53:40 IST" name="logoutapp" finished-at="2022-11-16T16:53:40 IST" duration-ms="3" status="PASS">
          <reporter-output>
          </reporter-output>
        </test-method> <!-- logoutapp -->
        <test-method is-config="true" signature="browserclose()[pri:0, instance:Module1_login.TestClassLogin@4f83df68]" started-at="2022-11-16T16:53:40 IST" name="browserclose" finished-at="2022-11-16T16:53:40 IST" duration-ms="1" status="PASS">
          <reporter-output>
          </reporter-output>
        </test-method> <!-- browserclose -->
      </class> <!-- Module1_login.TestClassLogin -->
    </test> <!-- Default test -->
  </suite> <!-- Default suite -->
</testng-results>
